<!DOCTYPE html PUBLIC "-//W3C//DTD XHTML 1.1//EN" "https://www.w3.org/TR/xhtml11/DTD/xhtml11.dtd">
<html xmlns="https://www.w3.org/1999/xhtml">
<head>
<meta http-equiv="content-type" content="text/html; charset=UTF-8"/>
<title>TestNG Report</title>
<style type="text/css">table {margin-bottom:10px;border-collapse:collapse;empty-cells:show}th,td {border:1px solid #009;padding:.25em .5em}th {vertical-align:bottom}td {vertical-align:top}table a {font-weight:bold}.stripe td {background-color: #E6EBF9}.num {text-align:right}.passedodd td {background-color: #3F3}.passedeven td {background-color: #0A0}.skippedodd td {background-color: #DDD}.skippedeven td {background-color: #CCC}.failedodd td,.attn {background-color: #F33}.failedeven td,.stripe .attn {background-color: #D00}.stacktrace {white-space:pre;font-family:monospace}.totop {font-size:85%;text-align:center;border-bottom:2px solid #000}.invisible {display:none}</style>
</head>
<body>
<table>
<tr><th>Test</th><th># Passed</th><th># Skipped</th><th># Retried</th><th># Failed</th><th>Time (ms)</th><th>Included Groups</th><th>Excluded Groups</th></tr>
<tr><th colspan="8">Suite</th></tr>
<tr><td><a href="#t0">Register Account</a></td><td class="num">0</td><td class="num">0</td><td class="num attn">2</td><td class="num attn">1</td><td class="num">58,587</td><td></td><td></td></tr>
<tr class="stripe"><td><a href="#t1">Login to Account</a></td><td class="num">1</td><td class="num">0</td><td class="num">0</td><td class="num">0</td><td class="num">45,288</td><td></td><td></td></tr>
<tr><th>Total</th><th class="num">1</th><th class="num">0</th><th class="num attn">2</th><th class="num attn">1</th><th class="num">103,875</th><th colspan="2"></th></tr>
</table>
<table id='summary'><thead><tr><th>Class</th><th>Method</th><th>Start</th><th>Time (ms)</th></tr></thead><tbody><tr><th colspan="4">Suite</th></tr></tbody><tbody id="t0"><tr><th colspan="4">Register Account &#8212; failed</th></tr><tr class="failedeven"><td rowspan="1">com.hcl.TestCase.CreateAccountTest</td><td><a href="#m0">createaccount</a></td><td rowspan="1">1647605019134</td><td rowspan="1">29</td></tr><tr><th colspan="4">Register Account &#8212; retried</th></tr><tr class="retriedeven"><td rowspan="2">com.hcl.TestCase.CreateAccountTest</td><td><a href="#m1">createaccount</a></td><td rowspan="2">1647604977959</td><td rowspan="2">40954</td></tr><tr class="retriedeven"><td><a href="#m2">createaccount</a></td></tr></tbody>
<tbody id="t1"><tr><th colspan="4">Login to Account &#8212; passed</th></tr><tr class="passedeven"><td rowspan="1">com.hcl.TestCase.LoginPageTest</td><td><a href="#m3">logintest</a></td><td rowspan="1">1647605037082</td><td rowspan="1">27840</td></tr></tbody>
</table>
<h2>Register Account</h2><h3 id="m0">com.hcl.TestCase.CreateAccountTest#createaccount</h3><table class="result"><tr class="param"><th>Parameter #1</th></tr><tr class="param stripe"><td>{cmpany=HCL Technologies, date=5-March -2000, Email=kannanpbgr2@gmail.com, pageTitle=My Store, Title=Mr., Password=Kannan@@@1, runmode=Y, alis=my home, state_details=California, zipcode=68585, addr=Sree Madhavam, mob=52555558, firstName=Kannan, cty=Pathanamthitta, lastName=Sharath}</td></tr><tr><th>Exception</th></tr><tr><td><div class="stacktrace">java.lang.AssertionError: Login Page Title is not Matched expected [My Store] but found [Login - My Store]
	at com.hcl.TestCase.CreateAccountTest.createaccount(CreateAccountTest.java:45)
	at java.base/java.util.concurrent.ThreadPoolExecutor.runWorker(ThreadPoolExecutor.java:1128)
	at java.base/java.util.concurrent.ThreadPoolExecutor$Worker.run(ThreadPoolExecutor.java:628)
	at java.base/java.lang.Thread.run(Thread.java:834)
... Removed 17 stack frames</div></td></tr></table><p class="totop"><a href="#summary">back to summary</a></p>
<h3 id="m1">com.hcl.TestCase.CreateAccountTest#createaccount</h3><table class="result"><tr class="param"><th>Parameter #1</th></tr><tr class="param stripe"><td>{cmpany=HCL Technologies, date=5-March -2000, Email=kannanpbgr2@gmail.com, pageTitle=My Store, Title=Mr., Password=Kannan@@@1, runmode=Y, alis=my home, state_details=California, zipcode=68585, addr=Sree Madhavam, mob=52555558, firstName=Kannan, cty=Pathanamthitta, lastName=Sharath}</td></tr><tr><th>Exception</th></tr><tr><td><div class="stacktrace">org.openqa.selenium.NoSuchElementException: Unable to locate element: //input[@id=&apos;customer_firstname&apos;]
For documentation on this error, please visit: https://www.seleniumhq.org/exceptions/no_such_element.html
Build info: version: &apos;3.141.59&apos;, revision: &apos;e82be7d358&apos;, time: &apos;2018-11-14T08:17:03&apos;
System info: host: &apos;LAPTOP-NH2OS09M&apos;, ip: &apos;192.168.64.70&apos;, os.name: &apos;Windows 10&apos;, os.arch: &apos;amd64&apos;, os.version: &apos;10.0&apos;, java.version: &apos;11.0.11&apos;
Driver info: org.openqa.selenium.firefox.FirefoxDriver
Capabilities {acceptInsecureCerts: true, browserName: firefox, browserVersion: 97.0.1, javascriptEnabled: true, moz:accessibilityChecks: false, moz:buildID: 20220216172458, moz:geckodriverVersion: 0.30.0, moz:headless: false, moz:processID: 23684, moz:profile: C:\Windows\Temp\rust_mozpro..., moz:shutdownTimeout: 60000, moz:useNonSpecCompliantPointerOrigin: false, moz:webdriverClick: true, pageLoadStrategy: normal, platform: WINDOWS, platformName: WINDOWS, platformVersion: 10.0, proxy: Proxy(), setWindowRect: true, strictFileInteractability: false, timeouts: {implicit: 0, pageLoad: 300000, script: 30000}, unhandledPromptBehavior: dismiss and notify}
Session ID: d1af198e-8109-4852-8383-fb50583663b1
*** Element info: {Using=xpath, value=//input[@id=&apos;customer_firstname&apos;]}
	at org.openqa.selenium.remote.http.W3CHttpResponseCodec.createException(W3CHttpResponseCodec.java:187)
	at org.openqa.selenium.remote.http.W3CHttpResponseCodec.decode(W3CHttpResponseCodec.java:122)
	at org.openqa.selenium.remote.http.W3CHttpResponseCodec.decode(W3CHttpResponseCodec.java:49)
	at org.openqa.selenium.remote.HttpCommandExecutor.execute(HttpCommandExecutor.java:158)
	at org.openqa.selenium.remote.service.DriverCommandExecutor.execute(DriverCommandExecutor.java:83)
	at org.openqa.selenium.remote.RemoteWebDriver.execute(RemoteWebDriver.java:552)
	at org.openqa.selenium.remote.RemoteWebDriver.findElement(RemoteWebDriver.java:323)
	at org.openqa.selenium.remote.RemoteWebDriver.findElementByXPath(RemoteWebDriver.java:428)
	at org.openqa.selenium.By$ByXPath.findElement(By.java:353)
	at org.openqa.selenium.remote.RemoteWebDriver.findElement(RemoteWebDriver.java:315)
	at org.openqa.selenium.support.events.EventFiringWebDriver.lambda$new$1(EventFiringWebDriver.java:105)
	at com.sun.proxy.$Proxy10.findElement(Unknown Source)
	at org.openqa.selenium.support.events.EventFiringWebDriver.findElement(EventFiringWebDriver.java:194)
	at org.openqa.selenium.support.pagefactory.DefaultElementLocator.findElement(DefaultElementLocator.java:69)
	at org.openqa.selenium.support.pagefactory.internal.LocatingElementHandler.invoke(LocatingElementHandler.java:38)
	at com.sun.proxy.$Proxy15.sendKeys(Unknown Source)
	at com.hcl.page.AccountCreatePage.RegisterAcc(AccountCreatePage.java:104)
	at com.hcl.TestCase.CreateAccountTest.createaccount(CreateAccountTest.java:54)
	at java.base/java.util.concurrent.ThreadPoolExecutor.runWorker(ThreadPoolExecutor.java:1128)
	at java.base/java.util.concurrent.ThreadPoolExecutor$Worker.run(ThreadPoolExecutor.java:628)
	at java.base/java.lang.Thread.run(Thread.java:834)
... Removed 20 stack frames</div></td></tr></table><p class="totop"><a href="#summary">back to summary</a></p>
<h3 id="m2">com.hcl.TestCase.CreateAccountTest#createaccount</h3><table class="result"><tr class="param"><th>Parameter #1</th></tr><tr class="param stripe"><td>{cmpany=HCL Technologies, date=5-March -2000, Email=kannanpbgr2@gmail.com, pageTitle=My Store, Title=Mr., Password=Kannan@@@1, runmode=Y, alis=my home, state_details=California, zipcode=68585, addr=Sree Madhavam, mob=52555558, firstName=Kannan, cty=Pathanamthitta, lastName=Sharath}</td></tr><tr><th>Exception</th></tr><tr><td><div class="stacktrace">java.lang.AssertionError: Login Page Title is not Matched expected [My Store] but found [Login - My Store]
	at com.hcl.TestCase.CreateAccountTest.createaccount(CreateAccountTest.java:45)
	at java.base/java.util.concurrent.ThreadPoolExecutor.runWorker(ThreadPoolExecutor.java:1128)
	at java.base/java.util.concurrent.ThreadPoolExecutor$Worker.run(ThreadPoolExecutor.java:628)
	at java.base/java.lang.Thread.run(Thread.java:834)
... Removed 17 stack frames</div></td></tr></table><p class="totop"><a href="#summary">back to summary</a></p>
<h2>Login to Account</h2><h3 id="m3">com.hcl.TestCase.LoginPageTest#logintest</h3><table class="result"><tr class="param"><th>Parameter #1</th></tr><tr class="param stripe"><td>{passWord=Kannan@@@1, email=kannan8@gmail.com, pageTitle=My Store, runmode=Y}</td></tr></table><p class="totop"><a href="#summary">back to summary</a></p>
</body>
</html>
