<?xml version="1.0" encoding="UTF-8"?>
<!-- Generated by org.testng.reporters.JUnitReportReporter -->
<testsuite hostname="LAPTOP-NH2OS09M" failures="1" tests="3" name="com.hcl.TestCase.CreateAccountTest" time="41.066" errors="0" timestamp="2022-03-18T17:34:25 IST" skipped="2">
  <testcase classname="com.hcl.TestCase.CreateAccountTest" name="createaccount" time="40.954">
    <skipped/>
  </testcase> <!-- createaccount -->
  <system-out/>
  <testcase classname="com.hcl.TestCase.CreateAccountTest" name="createaccount" time="0.083">
    <skipped/>
  </testcase> <!-- createaccount -->
  <system-out/>
  <testcase classname="com.hcl.TestCase.CreateAccountTest" name="createaccount" time="0.029">
    <failure message="Login Page Title is not Matched expected [My Store] but found [Login - My Store]" type="java.lang.AssertionError">
      <![CDATA[java.lang.AssertionError: Login Page Title is not Matched expected [My Store] but found [Login - My Store]
at org.testng.Assert.fail(Assert.java:99)
at org.testng.Assert.failNotEquals(Assert.java:1037)
at org.testng.Assert.assertEqualsImpl(Assert.java:140)
at org.testng.Assert.assertEquals(Assert.java:122)
at org.testng.Assert.assertEquals(Assert.java:629)
at com.hcl.TestCase.CreateAccountTest.createaccount(CreateAccountTest.java:45)
at java.base/jdk.internal.reflect.NativeMethodAccessorImpl.invoke0(Native Method)
at java.base/jdk.internal.reflect.NativeMethodAccessorImpl.invoke(NativeMethodAccessorImpl.java:62)
at java.base/jdk.internal.reflect.DelegatingMethodAccessorImpl.invoke(DelegatingMethodAccessorImpl.java:43)
at java.base/java.lang.reflect.Method.invoke(Method.java:566)
at org.testng.internal.MethodInvocationHelper.invokeMethod(MethodInvocationHelper.java:133)
at org.testng.internal.TestInvoker.invokeMethod(TestInvoker.java:598)
at org.testng.internal.TestInvoker.retryFailed(TestInvoker.java:213)
at org.testng.internal.MethodRunner.runInSequence(MethodRunner.java:58)
at org.testng.internal.TestInvoker$MethodInvocationAgent.invoke(TestInvoker.java:824)
at org.testng.internal.TestInvoker.invokeTestMethods(TestInvoker.java:146)
at org.testng.internal.TestMethodWorker.invokeTestMethods(TestMethodWorker.java:146)
at org.testng.internal.TestMethodWorker.run(TestMethodWorker.java:128)
at java.base/java.util.concurrent.ThreadPoolExecutor.runWorker(ThreadPoolExecutor.java:1128)
at java.base/java.util.concurrent.ThreadPoolExecutor$Worker.run(ThreadPoolExecutor.java:628)
at java.base/java.lang.Thread.run(Thread.java:834)
]]>
    </failure>
  </testcase> <!-- createaccount -->
  <system-out/>
</testsuite> <!-- com.hcl.TestCase.CreateAccountTest -->
